1707267327077	geckodriver	INFO	Listening on 127.0.0.1:32841
1707267327083	mozrunner::runner	INFO	Running command: MOZ_CRASHREPORTER="1" MOZ_CRASHREPORTER_NO_REPORT="1" MOZ_CRASHREPORTER_SHUTDOWN="1" MOZ_NO_REMOTE="1" "/usr ... te" "--remote-debugging-port" "39197" "--remote-allow-hosts" "localhost" "-no-remote" "-profile" "/tmp/rust_mozprofilepfbXFQ"
console.warn: services.settings: Ignoring preference override of remote settings server
console.warn: services.settings: Allow by setting MOZ_REMOTE_SETTINGS_DEVTOOLS=1 in the environment
ATTENTION: default value of option mesa_glthread overridden by environment.
1707267327497	Marionette	INFO	Marionette enabled
ATTENTION: default value of option mesa_glthread overridden by environment.
1707267327599	Marionette	INFO	Listening on port 37405
WebDriver BiDi listening on ws://127.0.0.1:39197
Read port: 37405
1707267327742	RemoteAgent	WARN	TLS certificate errors will be ignored for this session
console.error: ({})
DevTools listening on ws://127.0.0.1:39197/devtools/browser/cb1217e1-38b8-4a0e-abe2-e91c01c4fa75
console.warn: LoginRecipes: "Falling back to a synchronous message for: https://sandbox.moodledemo.net."
console.warn: LoginRecipes: "Falling back to a synchronous message for: https://sandbox.moodledemo.net."
JavaScript error: https://sandbox.moodledemo.net/mod/forum/view.php?id=1, line 2267: TypeError: M.core_filepicker is undefined
JavaScript error: , line 0: uncaught exception: Object
JavaScript error: , line 0: uncaught exception: Object
JavaScript error: , line 0: uncaught exception: Object
JavaScript error: , line 0: uncaught exception: Object
JavaScript error: , line 0: uncaught exception: Object
JavaScript error: , line 0: uncaught exception: Object
JavaScript error: , line 0: uncaught exception: Object
JavaScript error: , line 0: uncaught exception: Object
JavaScript error: , line 0: uncaught exception: Object
JavaScript error: , line 0: uncaught exception: Object
JavaScript error: resource://gre/modules/XULStore.sys.mjs, line 60: Error: Can't find profile directory.
console.error: "update.locale" " file doesn't exist in either the application or GRE directories"
1707267357502	addons.xpi	ERROR	System addon update list error SyntaxError: XMLHttpRequest.open: 'http://%(server)s/dummy-system-addons.xml' is not a valid URL.
1707267360292	Marionette	INFO	Stopped listening on port 37405
JavaScript warning: https://sandbox.moodledemo.net/mod/forum/discuss.php?d=1#p2, line 1627: Script terminated by timeout at:
window.onload/<@https://sandbox.moodledemo.net/mod/forum/discuss.php?d=1#p2:1627:30

